0 info it worked if it ends with ok
1 verbose cli [ 'C:\\Program Files\\nodejs\\node.exe',
1 verbose cli   'C:\\Program Files\\nodejs\\node_modules\\npm\\bin\\npm-cli.js',
1 verbose cli   'run',
1 verbose cli   'api' ]
2 info using npm@4.0.5
3 info using node@v7.4.0
4 verbose config Skipping project config: C:\Users\ETY10/.npmrc. (matches userconfig)
5 verbose stack Error: ENOENT: no such file or directory, open 'C:\Users\ETY10\package.json'
6 verbose cwd C:\Users\ETY10\Documents\Formation_2016\git\dta-javascript-game
7 error Windows_NT 10.0.14393
8 error argv "C:\\Program Files\\nodejs\\node.exe" "C:\\Program Files\\nodejs\\node_modules\\npm\\bin\\npm-cli.js" "run" "api"
9 error node v7.4.0
10 error npm  v4.0.5
11 error path C:\Users\ETY10\package.json
12 error code ENOENT
13 error errno -4058
14 error syscall open
15 error enoent ENOENT: no such file or directory, open 'C:\Users\ETY10\package.json'
16 error enoent ENOENT: no such file or directory, open 'C:\Users\ETY10\package.json'
16 error enoent This is most likely not a problem with npm itself
16 error enoent and is related to npm not being able to find a file.
17 verbose exit [ -4058, true ]
